tom	1349115057515	1	cat1	WIN_7	San Francisco	0
tom	1349115131775	2	cat2	MAC_OS	New York	1
tom	1349115153151	3	cat3	ANDROID	San Francisco	0
tom	1349115320554	4	cat3	WIN_7	San Francisco	0
tom	1349115331836	5	cat2	WIN_7	Denver	1
tom	1349115372959	6	cat1	WIN_7	Denver	0
tom	1349115508502	7	cat1	\N	\N	1
tom	1349115720870	8	cat1	\N	\N	1
mary	1349115895738	9	cat1	WIN_7	Denver	0
tom	1349115950836	10	cat2	WIN_7	Sacremento	0
tom	1349116047774	11	cat2	WIN_7	Sacremento	1
tom	1349116051386	12	cat2	MAC_OS	New York	1
tom	1349116111181	13	cat1	MAC_OS	New York	0
tom	1349116147273	14	cat2	WIN_7	New York	0
tom	1349116348816	15	cat3	WIN_7	Sacremento	0
tom	1349116378343	16	cat3	WIN_7	San Jose	0
mary	1349116430746	17	cat3	WIN_7	Denver	0
mary	1349116443833	18	cat3	MAC_OS	Denver	0
tom	1349116614910	19	cat3	WIN_7	San Jose	1
tom	1349116695045	20	cat1	WIN_7	Sacremento	0
tom	1349116720444	21	cat2	WIN_7	Elkhorn	0
mary	1349116750555	22	cat3	ANDROID	Sacremento	0
tom	1349117219052	23	cat1	WIN_7	Elkhorn	1
tom	1349117340258	24	cat2	WIN_7	Sacremento	0
tom	1349117381123	25	cat2	WIN_7	San Francisco	0
tom	1349117384441	26	cat3	ANDROID	Denver	0
tom	1349117530566	27	cat3	WIN_7	New York	1
mary	1349117547166	28	cat3	WIN_7	New York	1
